Removed Pin From Net: NetName=P5V0SB Pin=C12-1
Removed Pin From Net: NetName=GND Pin=C12-2
Removed Pin From Net: NetName=GND Pin=C13-1
Removed Pin From Net: NetName=P5V0SB Pin=C13-2
Removed Pin From Net: NetName=P3V3 Pin=C14-1
Removed Pin From Net: NetName=GND Pin=C14-2
Removed Pin From Net: NetName=P5V0SB Pin=D3-1
Removed Pin From Net: NetName=P3V3 Pin=IC6-1
Removed Pin From Net: NetName=GND Pin=IC6-2
Removed Pin From Net: NetName=GND Pin=IC6-2
Removed Pin From Net: NetName=GND Pin=IC6-2
Removed Pin From Net: NetName=GND Pin=IC6-2
Removed Pin From Net: NetName=P5V0SB Pin=IC6-3
Removed Pin From Net: NetName=MAINS_N Pin=IC7-1
Removed Pin From Net: NetName=MAINS_L Pin=IC7-2
Removed Pin From Net: NetName=GND Pin=IC7-3
Removed Pin From Net: NetName=P5V0SB Pin=IC7-4
Removed Pin From Net: NetName=P5V0SB Pin=RL1-8
Removed Pin From Net: NetName=GND Pin=T2-2
Removed Member From Class: ClassName=DIOT_PSU_integrated Member=D2
Removed Member From Class: ClassName=DIOT_PSU_integrated Member=D3
Removed Member From Class: ClassName=DIOT_PSU_integrated Member=FTG5
Removed Member From Class: ClassName=DIOT_PSU_integrated Member=FTG6
Removed Member From Class: ClassName=DIOT_PSU_integrated Member=FTG7
Removed Member From Class: ClassName=DIOT_PSU_integrated Member=FTG8
Removed Member From Class: ClassName=DIOT_PSU_integrated Member=J4
Removed Member From Class: ClassName=DIOT_PSU_integrated Member=J8
Removed Member From Class: ClassName=DIOT_PSU_integrated Member=J9
Removed Member From Class: ClassName=DIOT_PSU_integrated Member=J10
Removed Member From Class: ClassName=DIOT_PSU_integrated Member=J27
Removed Member From Class: ClassName=DIOT_PSU_integrated Member=J32
Removed Member From Class: ClassName=DIOT_PSU_integrated Member=P6
Removed Member From Class: ClassName=DIOT_PSU_integrated Member=P7
Removed Member From Class: ClassName=DIOT_PSU_integrated Member=RL1
Removed Member From Class: ClassName=DIOT_PSU_integrated Member=T2
Added Component: Designator=C1(CAPPR500-1050X800)
Add component (AddParameter): Name = "Author"; Value = "CERN DEM JLC"; VariantName = "[No Variations]"
Add component (AddParameter): Name = "Case"; Value = "LS5 D10 x H8"; VariantName = "[No Variations]"
Add component (AddParameter): Name = "Component Type"; Value = "Standard"; VariantName = "[No Variations]"
Add component (AddParameter): Name = "ComponentHeight"; Value = "8mm"; VariantName = "[No Variations]"
Add component (AddParameter): Name = "CreateDate"; Value = "07.03.2011"; VariantName = "[No Variations]"
Add component (AddParameter): Name = "HelpURL"; Value = "\\cern.ch\dfs\Applications\Altium\Datasheets\CAER_SANYO_SEQP.pdf"; VariantName = "[No Variations]"
Add component (AddParameter): Name = "LatestRevisionDate"; Value = "07.03.2011"; VariantName = "[No Variations]"
Add component (AddParameter): Name = "Manufacturer"; Value = "SANYO OS-CON"; VariantName = "[No Variations]"
Add component (AddParameter): Name = "Manufacturer Part Number"; Value = "16SEQP150M"; VariantName = "[No Variations]"
Add component (AddParameter): Name = "Mounted"; Value = "Yes"; VariantName = "[No Variations]"
Add component (AddParameter): Name = "Part Description"; Value = "Aluminium Solid Capacitor with Conductive Polymer (SEQP Series)"; VariantName = "[No Variations]"
Add component (AddParameter): Name = "Part Number"; Value = "CAER_150UF_16V_20%_SANYO_16SEQP150M"; VariantName = "[No Variations]"
Add component (AddParameter): Name = "Pin Count"; Value = "2"; VariantName = "[No Variations]"
Add component (AddParameter): Name = "Sense"; Value = "No"; VariantName = "[No Variations]"
Add component (AddParameter): Name = "SMD"; Value = "No"; VariantName = "[No Variations]"
Add component (AddParameter): Name = "Socket"; Value = "No"; VariantName = "[No Variations]"
Add component (AddParameter): Name = "Status"; Value = "Not Recommended"; VariantName = "[No Variations]"
Add component (AddParameter): Name = "Tolerance"; Value = "±20%"; VariantName = "[No Variations]"
Add component (AddParameter): Name = "Value"; Value = "150uF"; VariantName = "[No Variations]"
Add component (AddParameter): Name = "Voltage"; Value = "16V"; VariantName = "[No Variations]"
Added Component: Designator=C2(CAPC1608X87N)
Add component (AddParameter): Name = "Author"; Value = "CERN DEM JLC"; VariantName = "[No Variations]"
Add component (AddParameter): Name = "Case"; Value = "0603"; VariantName = "[No Variations]"
Add component (AddParameter): Name = "Component Type"; Value = "Standard"; VariantName = "[No Variations]"
Add component (AddParameter): Name = "CreateDate"; Value = "03.12.2007"; VariantName = "[No Variations]"
Add component (AddParameter): Name = "HelpURL"; Value = "\\cern.ch\dfs\Applications\Altium\Datasheets\CC0603_X7R_PHYCOMP.pdf"; VariantName = "[No Variations]"
Add component (AddParameter): Name = "LatestRevisionDate"; Value = "17.04.2015"; VariantName = "[No Variations]"
Add component (AddParameter): Name = "Manufacturer"; Value = "GENERIC"; VariantName = "[No Variations]"
Add component (AddParameter): Name = "Manufacturer1 ComponentHeight"; Value = "0.9mm"; VariantName = "[No Variations]"
Add component (AddParameter): Name = "Manufacturer1 Example"; Value = "YAGEO PHYCOMP"; VariantName = "[No Variations]"
Add component (AddParameter): Name = "Manufacturer1 Part Number"; Value = "223878615663"; VariantName = "[No Variations]"
Add component (AddParameter): Name = "Manufacturer Part Number"; Value = "CC0603_1UF_16V_10%_X7R"; VariantName = "[No Variations]"
Add component (AddParameter): Name = "Mounted"; Value = "Yes"; VariantName = "[No Variations]"
Add component (AddParameter): Name = "Part Description"; Value = "SMD Multilayer Chip Ceramic Capacitor"; VariantName = "[No Variations]"
Add component (AddParameter): Name = "Part Number"; Value = "CC0603_1UF_16V_10%_X7R"; VariantName = "[No Variations]"
Add component (AddParameter): Name = "Pin Count"; Value = "2"; VariantName = "[No Variations]"
Add component (AddParameter): Name = "Sense"; Value = "No"; VariantName = "[No Variations]"
Add component (AddParameter): Name = "SMD"; Value = "Yes"; VariantName = "[No Variations]"
Add component (AddParameter): Name = "Socket"; Value = "No"; VariantName = "[No Variations]"
Add component (AddParameter): Name = "Status"; Value = "None"; VariantName = "[No Variations]"
Add component (AddParameter): Name = "TC"; Value = "X7R"; VariantName = "[No Variations]"
Add component (AddParameter): Name = "Tolerance"; Value = "±10%"; VariantName = "[No Variations]"
Add component (AddParameter): Name = "Value"; Value = "1uF"; VariantName = "[No Variations]"
Add component (AddParameter): Name = "Voltage"; Value = "16V"; VariantName = "[No Variations]"
Added Component: Designator=C3(CAPC1608X87N)
Add component (AddParameter): Name = "Author"; Value = "CERN DEM MR"; VariantName = "[No Variations]"
Add component (AddParameter): Name = "Case"; Value = "0603"; VariantName = "[No Variations]"
Add component (AddParameter): Name = "Component Type"; Value = "Standard"; VariantName = "[No Variations]"
Add component (AddParameter): Name = "CreateDate"; Value = "08.01.2016"; VariantName = "[No Variations]"
Add component (AddParameter): Name = "HelpURL"; Value = "\\cern.ch\dfs\Applications\Altium\Datasheets\CC0603_X5R_TDK_C.pdf"; VariantName = "[No Variations]"
Add component (AddParameter): Name = "LatestRevisionDate"; Value = "08.01.2016"; VariantName = "[No Variations]"
Add component (AddParameter): Name = "Manufacturer"; Value = "GENERIC"; VariantName = "[No Variations]"
Add component (AddParameter): Name = "Manufacturer1 ComponentHeight"; Value = "0.9mm"; VariantName = "[No Variations]"
Add component (AddParameter): Name = "Manufacturer1 Example"; Value = "TDK"; VariantName = "[No Variations]"
Add component (AddParameter): Name = "Manufacturer1 Part Number"; Value = "C1608X5R1H104K080"; VariantName = "[No Variations]"
Add component (AddParameter): Name = "Manufacturer Part Number"; Value = "CC0603_100NF_50V_10%_X5R"; VariantName = "[No Variations]"
Add component (AddParameter): Name = "Mounted"; Value = "Yes"; VariantName = "[No Variations]"
Add component (AddParameter): Name = "Part Description"; Value = "SMD Multilayer Chip Ceramic Capacitor"; VariantName = "[No Variations]"
Add component (AddParameter): Name = "Part Number"; Value = "CC0603_100NF_50V_10%_X5R"; VariantName = "[No Variations]"
Add component (AddParameter): Name = "Pin Count"; Value = "2"; VariantName = "[No Variations]"
Add component (AddParameter): Name = "Sense"; Value = "No"; VariantName = "[No Variations]"
Add component (AddParameter): Name = "SMD"; Value = "Yes"; VariantName = "[No Variations]"
Add component (AddParameter): Name = "Socket"; Value = "No"; VariantName = "[No Variations]"
Add component (AddParameter): Name = "Status"; Value = "None"; VariantName = "[No Variations]"
Add component (AddParameter): Name = "TC"; Value = "X5R"; VariantName = "[No Variations]"
Add component (AddParameter): Name = "Tolerance"; Value = "±10%"; VariantName = "[No Variations]"
Add component (AddParameter): Name = "Value"; Value = "100nF"; VariantName = "[No Variations]"
Add component (AddParameter): Name = "Voltage"; Value = "50V"; VariantName = "[No Variations]"
Added Component: Designator=IC1(SOT89)
Add component (AddParameter): Name = "Author"; Value = "CERN DEM JLC"; VariantName = "[No Variations]"
Add component (AddParameter): Name = "Bonding"; Value = "No"; VariantName = "[No Variations]"
Add component (AddParameter): Name = "Case"; Value = "SOT89"; VariantName = "[No Variations]"
Add component (AddParameter): Name = "Component Type"; Value = "Standard"; VariantName = "[No Variations]"
Add component (AddParameter): Name = "ComponentHeight"; Value = "1.6mm"; VariantName = "[No Variations]"
Add component (AddParameter): Name = "CreateDate"; Value = "12.05.2014"; VariantName = "[No Variations]"
Add component (AddParameter): Name = "Device"; Value = "L78L33ACUTR"; VariantName = "[No Variations]"
Add component (AddParameter): Name = "HelpURL"; Value = "\\cern.ch\dfs\Applications\Altium\Datasheets\L78L33ACUTR.pdf"; VariantName = "[No Variations]"
Add component (AddParameter): Name = "LatestRevisionDate"; Value = "12.05.2014"; VariantName = "[No Variations]"
Add component (AddParameter): Name = "Manufacturer"; Value = "ST MICROELECTRONICS"; VariantName = "[No Variations]"
Add component (AddParameter): Name = "Manufacturer Part Number"; Value = "L78L33ACUTR"; VariantName = "[No Variations]"
Add component (AddParameter): Name = "Mounted"; Value = "Yes"; VariantName = "[No Variations]"
Add component (AddParameter): Name = "PackageDescription"; Value = "SOT89-3, 3-Leads, Body 2.44x4.5mm"; VariantName = "[No Variations]"
Add component (AddParameter): Name = "Part Description"; Value = "33V 100mA Positive Voltage Regulator"; VariantName = "[No Variations]"
Add component (AddParameter): Name = "Part Number"; Value = "L78L33ACUTR"; VariantName = "[No Variations]"
Add component (AddParameter): Name = "Pin Count"; Value = "4"; VariantName = "[No Variations]"
Add component (AddParameter): Name = "PressFit"; Value = "No"; VariantName = "[No Variations]"
Add component (AddParameter): Name = "Sense"; Value = "No"; VariantName = "[No Variations]"
Add component (AddParameter): Name = "SMD"; Value = "Yes"; VariantName = "[No Variations]"
Add component (AddParameter): Name = "Socket"; Value = "No"; VariantName = "[No Variations]"
Added Component: Designator=IC2(PWS_MEANWELL_IRM-02)
Add component (AddParameter): Name = "Author"; Value = "GK"; VariantName = "[No Variations]"
Add component (AddParameter): Name = "Bonding"; Value = "No"; VariantName = "[No Variations]"
Add component (AddParameter): Name = "Component Type"; Value = "Standard"; VariantName = "[No Variations]"
Add component (AddParameter): Name = "ComponentHeight"; Value = "15mm"; VariantName = "[No Variations]"
Add component (AddParameter): Name = "CreateDate"; Value = "14.02.2018"; VariantName = "[No Variations]"
Add component (AddParameter): Name = "Device"; Value = "IRM-02-5"; VariantName = "[No Variations]"
Add component (AddParameter): Name = "HelpURL"; Value = "\\cern.ch\dfs\Applications\Altium\Datasheets\IRM-02-24.pdf"; VariantName = "[No Variations]"
Add component (AddParameter): Name = "LatestRevisionDate"; Value = "14.02.2018"; VariantName = "[No Variations]"
Add component (AddParameter): Name = "Manufacturer"; Value = "MEAN WELL"; VariantName = "[No Variations]"
Add component (AddParameter): Name = "Manufacturer Part Number"; Value = "IRM-02-5"; VariantName = "[No Variations]"
Add component (AddParameter): Name = "Mounted"; Value = "Yes"; VariantName = "[No Variations]"
Add component (AddParameter): Name = "PackageDescription"; Value = "IRM-02 Series, Body 33.7x22.2mm, Power Supply"; VariantName = "[No Variations]"
Add component (AddParameter): Name = "Part Description"; Value = "85-305VAC to 5VDC (400mA) 2W Power Supply"; VariantName = "[No Variations]"
Add component (AddParameter): Name = "Part Number"; Value = "IRM-02-5"; VariantName = "[No Variations]"
Add component (AddParameter): Name = "Pin Count"; Value = "4"; VariantName = "[No Variations]"
Add component (AddParameter): Name = "PressFit"; Value = "No"; VariantName = "[No Variations]"
Add component (AddParameter): Name = "Sense"; Value = "No"; VariantName = "[No Variations]"
Add component (AddParameter): Name = "SMD"; Value = "No"; VariantName = "[No Variations]"
Add component (AddParameter): Name = "Socket"; Value = "No"; VariantName = "[No Variations]"
Add component (AddParameter): Name = "Status"; Value = "None"; VariantName = "[No Variations]"
Added Pin To Net: NetName=P5V0SB Pin=C1-1
Added Pin To Net: NetName=GND Pin=C1-2
Added Pin To Net: NetName=GND Pin=C2-1
Added Pin To Net: NetName=P5V0SB Pin=C2-2
Added Pin To Net: NetName=P3V3 Pin=C3-1
Added Pin To Net: NetName=GND Pin=C3-2
Added Pin To Net: NetName=P3V3 Pin=IC1-1
Added Pin To Net: NetName=GND Pin=IC1-2
Added Pin To Net: NetName=GND Pin=IC1-2
Added Pin To Net: NetName=GND Pin=IC1-2
Added Pin To Net: NetName=GND Pin=IC1-2
Added Pin To Net: NetName=P5V0SB Pin=IC1-3
Added Pin To Net: NetName=MAINS_N Pin=IC2-1
Added Pin To Net: NetName=MAINS_L Pin=IC2-2
Added Pin To Net: NetName=GND Pin=IC2-3
Added Pin To Net: NetName=P5V0SB Pin=IC2-4
Added Pin To Net: NetName=MAINS_L Pin=J3-1
Added Pin To Net: NetName=MAINS_N Pin=J3-3
Added Pin To Net: NetName=MAINS_L Pin=RL2-3
Added Pin To Net: NetName=MAINS_L Pin=RL2-4
Added Pin To Net: NetName=MAINS_N Pin=RL2-5
Added Pin To Net: NetName=MAINS_N Pin=RL2-6
Added Pin To Net: NetName=L Pin=RL2-2
Added Net: Name=L
Added Pin To Net: NetName=N Pin=RL2-7
Added Net: Name=N
Added Pin To Net: NetName=PE Pin=J3-2
Added Net: Name=PE
Change Class Name : Old Net Name=DIOT_PSU_integrated New Net Name=DIOT_PSU_Mezzanine
Added Member To Class: ClassName=DIOT_PSU_Mezzanine Member=Component C1 150uF
Added Member To Class: ClassName=DIOT_PSU_Mezzanine Member=Component C2 1uF
Added Member To Class: ClassName=DIOT_PSU_Mezzanine Member=Component C3 100nF
Added Member To Class: ClassName=DIOT_PSU_Mezzanine Member=Component IC1 L78L33ACUTR
Added Member To Class: ClassName=DIOT_PSU_Mezzanine Member=Component IC2 IRM-02-5
Added Member To Class: ClassName=DIOT_PSU_Mezzanine Member=Component J1 9775066360R
Added Member To Class: ClassName=DIOT_PSU_Mezzanine Member=Component J5 9775066360R
Added Member To Class: ClassName=DIOT_PSU_Mezzanine Member=Component J6 9775066360R
Added Member To Class: ClassName=DIOT_PSU_Mezzanine Member=Component J7 9775066360R
Added Rule: Name=Schematic Supply Nets_5
