Removed Pin From Net: NetName=GND Pin=C1-1
Removed Pin From Net: NetName=GND Pin=C2-1
Removed Pin From Net: NetName=P5V0SB Pin=C3-1
Removed Pin From Net: NetName=GND Pin=C3-2
Removed Pin From Net: NetName=P5V0SB Pin=C4-1
Removed Pin From Net: NetName=GND Pin=C4-2
Removed Pin From Net: NetName=GND Pin=C5-1
Removed Pin From Net: NetName=P5V0SB Pin=C6-1
Removed Pin From Net: NetName=GND Pin=C6-2
Removed Pin From Net: NetName=GND Pin=C7-1
Removed Pin From Net: NetName=GND Pin=C8-1
Removed Pin From Net: NetName=GND Pin=C11-1
Removed Pin From Net: NetName=P3V3 Pin=C11-2
Removed Pin From Net: NetName=GND Pin=D1-2
Removed Pin From Net: NetName=GND Pin=D4-2
Removed Pin From Net: NetName=P5V0SB Pin=IC1-3
Removed Pin From Net: NetName=GND Pin=IC1-12
Removed Pin From Net: NetName=GND Pin=IC2-2
Removed Pin From Net: NetName=GND Pin=IC2-3
Removed Pin From Net: NetName=GND Pin=IC2-6
Removed Pin From Net: NetName=GND Pin=IC2-7
Removed Pin From Net: NetName=P5V0SB Pin=IC3-3
Removed Pin From Net: NetName=GND Pin=IC3-12
Removed Pin From Net: NetName=GND Pin=IC4-2
Removed Pin From Net: NetName=P5V0SB Pin=IC4-5
Removed Pin From Net: NetName=P3V3 Pin=IC5-8
Removed Pin From Net: NetName=GND Pin=IC5-10
Removed Pin From Net: NetName=GND Pin=IC5-13
Removed Pin From Net: NetName=GND Pin=IC8-2
Removed Pin From Net: NetName=GND Pin=IC8-3
Removed Pin From Net: NetName=GND Pin=J1-A1
Removed Pin From Net: NetName=GND Pin=J1-A3
Removed Pin From Net: NetName=GND Pin=J1-A5
Removed Pin From Net: NetName=GND Pin=J1-B6
Removed Pin From Net: NetName=GND Pin=J1-C1
Removed Pin From Net: NetName=GND Pin=J1-C3
Removed Pin From Net: NetName=GND Pin=J1-C5
Removed Pin From Net: NetName=GND Pin=J1-P6
Removed Pin From Net: NetName=GND Pin=J1-P6
Removed Pin From Net: NetName=GND Pin=J1-P6
Removed Pin From Net: NetName=GND Pin=J1-P6
Removed Pin From Net: NetName=GND Pin=J1-P6
Removed Pin From Net: NetName=GND Pin=J1-P6
Removed Pin From Net: NetName=GND Pin=J1-P6
Removed Pin From Net: NetName=GND Pin=J1-P6
Removed Pin From Net: NetName=GND Pin=J1-P7
Removed Pin From Net: NetName=GND Pin=J1-P7
Removed Pin From Net: NetName=GND Pin=J1-P7
Removed Pin From Net: NetName=GND Pin=J1-P7
Removed Pin From Net: NetName=GND Pin=J1-P7
Removed Pin From Net: NetName=GND Pin=J1-P7
Removed Pin From Net: NetName=GND Pin=J1-P7
Removed Pin From Net: NetName=GND Pin=J1-P7
Removed Pin From Net: NetName=GND Pin=J5-1
Removed Pin From Net: NetName=GND Pin=J6-1
Removed Pin From Net: NetName=GND Pin=J11-1
Removed Pin From Net: NetName=GND Pin=J11-1
Removed Pin From Net: NetName=GND Pin=J11-1
Removed Pin From Net: NetName=GND Pin=J11-1
Removed Pin From Net: NetName=GND Pin=J12-3
Removed Pin From Net: NetName=L_sw Pin=J28-1
Removed Pin From Net: NetName=L_sw Pin=J28-1
Removed Pin From Net: NetName=L_sw Pin=J28-1
Removed Pin From Net: NetName=N_sw Pin=J29-1
Removed Pin From Net: NetName=N_sw Pin=J29-1
Removed Pin From Net: NetName=N_sw Pin=J29-1
Removed Pin From Net: NetName=P5V0SB Pin=LD1-2
Removed Pin From Net: NetName=P5V0SB Pin=LD3-2
Removed Pin From Net: NetName=P5V0SB Pin=LD4-2
Removed Pin From Net: NetName=P5V0SB Pin=LD5-2
Removed Pin From Net: NetName=P5V0SB Pin=LD6-2
Removed Pin From Net: NetName=P5V0SB Pin=LD7-2
Removed Pin From Net: NetName=P5V0SB Pin=LD8-2
Removed Pin From Net: NetName=P5V0SB Pin=LD9-2
Removed Pin From Net: NetName=P5V0SB Pin=LD10-2
Removed Pin From Net: NetName=P5V0SB Pin=LD11-2
Removed Pin From Net: NetName=P5V0SB Pin=LD12-2
Removed Pin From Net: NetName=P5V0SB Pin=LD13-2
Removed Pin From Net: NetName=GND Pin=PSU1-CN3.3
Removed Pin From Net: NetName=GND Pin=R1-2
Removed Pin From Net: NetName=GND Pin=R2-2
Removed Pin From Net: NetName=GND Pin=R3-1
Removed Pin From Net: NetName=GND Pin=R4-1
Removed Pin From Net: NetName=P5V0SB Pin=R5-2
Removed Pin From Net: NetName=P5V0SB Pin=R6-2
Removed Pin From Net: NetName=P5V0SB Pin=R8-2
Removed Pin From Net: NetName=P5V0SB Pin=R9-2
Removed Pin From Net: NetName=P5V0SB Pin=R18-2
Removed Pin From Net: NetName=P5V0SB Pin=R20-2
Removed Pin From Net: NetName=GND Pin=R28-2
Removed Pin From Net: NetName=P3V3 Pin=R31-2
Removed Pin From Net: NetName=P3V3 Pin=R32-2
Removed Pin From Net: NetName=GND Pin=T1-2
Removed Pin From Net: NetName=GND Pin=T5-2
Removed Pin From Net: NetName=GND Pin=T6-2
Removed Member From Class: ClassName=DIOT_PSU_integrated Member=C1
Removed Member From Class: ClassName=DIOT_PSU_integrated Member=C2
Removed Member From Class: ClassName=DIOT_PSU_integrated Member=D1
Removed Member From Class: ClassName=DIOT_PSU_integrated Member=J1
Removed Member From Class: ClassName=DIOT_PSU_integrated Member=J28
Removed Member From Class: ClassName=DIOT_PSU_integrated Member=J29
Removed Member From Class: ClassName=DIOT_PSU_integrated Member=J30
Removed Member From Class: ClassName=DIOT_PSU_integrated Member=J?
Removed Member From Class: ClassName=DIOT_PSU_integrated Member=LD1
Removed Member From Class: ClassName=DIOT_PSU_integrated Member=LD2
Removed Member From Class: ClassName=DIOT_PSU_integrated Member=LD9
Removed Member From Class: ClassName=DIOT_PSU_integrated Member=LD10
Removed Member From Class: ClassName=DIOT_PSU_integrated Member=LD11
Removed Member From Class: ClassName=DIOT_PSU_integrated Member=M1
Removed Member From Class: ClassName=DIOT_PSU_integrated Member=M2
Removed Member From Class: ClassName=DIOT_PSU_integrated Member=NUT1
Removed Member From Class: ClassName=DIOT_PSU_integrated Member=NUT2
Removed Member From Class: ClassName=DIOT_PSU_integrated Member=P1
Removed Member From Class: ClassName=DIOT_PSU_integrated Member=P2
Removed Member From Class: ClassName=DIOT_PSU_integrated Member=P3
Removed Member From Class: ClassName=DIOT_PSU_integrated Member=P4
Removed Member From Class: ClassName=DIOT_PSU_integrated Member=P5
Removed Member From Class: ClassName=DIOT_PSU_integrated Member=R1
Removed Member From Class: ClassName=DIOT_PSU_integrated Member=R2
Removed Member From Class: ClassName=DIOT_PSU_integrated Member=R3
Removed Member From Class: ClassName=DIOT_PSU_integrated Member=R4
Removed Member From Class: ClassName=DIOT_PSU_integrated Member=R5
Removed Member From Class: ClassName=DIOT_PSU_integrated Member=R6
Removed Member From Class: ClassName=DIOT_PSU_integrated Member=R17
Removed Member From Class: ClassName=DIOT_PSU_integrated Member=R18
Removed Member From Class: ClassName=DIOT_PSU_integrated Member=R19
Removed Member From Class: ClassName=DIOT_PSU_integrated Member=R20
Removed Member From Class: ClassName=DIOT_PSU_integrated Member=R35
Removed Member From Class: ClassName=DIOT_PSU_integrated Member=SCREW1
Removed Member From Class: ClassName=DIOT_PSU_integrated Member=SCREW2
Removed Member From Class: ClassName=DIOT_PSU_integrated Member=ST1
Removed Member From Class: ClassName=DIOT_PSU_integrated Member=T1
Removed Member From Class: ClassName=DIOT_PSU_integrated Member=T5
Removed Member From Class: ClassName=DIOT_PSU_integrated Member=T6
Removed Member From Class: ClassName=DIOT_PSU_integrated Member=WASHER1
Removed Member From Class: ClassName=DIOT_PSU_integrated Member=WASHER2
Change Component Footprint: Designator=J3 Old Footprint=FN9264-2-06 New Footprint=SCHURTER_DD21.0121.1111
Change Component Comment : Designator=J3 Old Comment=FN281-6-06 New Comment=IEC
Change Component Designator: OldDesignator=J? NewDesignator=J2
Change component parameters: Designator = "J3" ("J3"); Footprint = "FN9264-2-06"; UniqueID = "\PKYMBIRQ" ("\PKYMBIRQ")
Change component parameters (AddParameter): Name = "Author"; Value = "CERN DEM JLC"; VariantName = "[No Variations]"
Change component parameters (AddParameter): Name = "Component Type"; Value = "Standard"; VariantName = "[No Variations]"
Change component parameters (AddParameter): Name = "ComponentHeight"; Value = "32.3mm"; VariantName = "[No Variations]"
Change component parameters (AddParameter): Name = "CreateDate"; Value = "19.11.2012"; VariantName = "[No Variations]"
Change component parameters (AddParameter): Name = "Family"; Value = "IEC"; VariantName = "[No Variations]"
Change component parameters (AddParameter): Name = "HelpURL"; Value = "\\cern.ch\dfs\Applications\Altium\Datasheets\SCHURTER_DD21.0121.1111.pdf"; VariantName = "[No Variations]"
Change component parameters (AddParameter): Name = "LatestRevisionDate"; Value = "19.11.2012"; VariantName = "[No Variations]"
Change component parameters (AddParameter): Name = "Manufacturer"; Value = "SCHURTER"; VariantName = "[No Variations]"
Change component parameters (AddParameter): Name = "Manufacturer Part Number"; Value = "DD21.0121.1111"; VariantName = "[No Variations]"
Change component parameters (AddParameter): Name = "Mounted"; Value = "Yes"; VariantName = "[No Variations]"
Change component parameters (AddParameter): Name = "Part Description"; Value = "10A 250Vac IEC Appliance Inlet C14 with Line Switch 2-Pole, Fuseholder 2-Pole for Fuse Links 5x20mm"; VariantName = "[No Variations]"
Change component parameters (AddParameter): Name = "Part Number"; Value = "SCHURTER_DD21.0121.1111"; VariantName = "[No Variations]"
Change component parameters (AddParameter): Name = "Pin Count"; Value = "3"; VariantName = "[No Variations]"
Change component parameters (AddParameter): Name = "PressFit"; Value = "No"; VariantName = "[No Variations]"
Change component parameters (AddParameter): Name = "Sense"; Value = "No"; VariantName = "[No Variations]"
Change component parameters (AddParameter): Name = "SMD"; Value = "No"; VariantName = "[No Variations]"
Change component parameters (AddParameter): Name = "Socket"; Value = "No"; VariantName = "[No Variations]"
Change component parameters (AddParameter): Name = "Status"; Value = "None"; VariantName = "[No Variations]"
Added Component: Designator=D5(SODFL1608X65N)
Add component (AddParameter): Name = "Author"; Value = "CERN DEM JLC"; VariantName = "[No Variations]"
Add component (AddParameter): Name = "Bonding"; Value = "No"; VariantName = "[No Variations]"
Add component (AddParameter): Name = "Case"; Value = "SOD523"; VariantName = "[No Variations]"
Add component (AddParameter): Name = "Component Type"; Value = "Standard"; VariantName = "[No Variations]"
Add component (AddParameter): Name = "ComponentHeight"; Value = "0.65mm"; VariantName = "[No Variations]"
Add component (AddParameter): Name = "CreateDate"; Value = "29.11.2012"; VariantName = "[No Variations]"
Add component (AddParameter): Name = "Device"; Value = "PESD3V3S1UB"; VariantName = "[No Variations]"
Add component (AddParameter): Name = "HelpURL"; Value = "\\cern.ch\dfs\Applications\Altium\Datasheets\PESD3V3S1UB.pdf"; VariantName = "[No Variations]"
Add component (AddParameter): Name = "LatestRevisionDate"; Value = "29.11.2012"; VariantName = "[No Variations]"
Add component (AddParameter): Name = "Manufacturer"; Value = "NXP SEMICONDUCTORS"; VariantName = "[No Variations]"
Add component (AddParameter): Name = "Manufacturer Part Number"; Value = "PESD3V3S1UB"; VariantName = "[No Variations]"
Add component (AddParameter): Name = "Mounted"; Value = "Yes"; VariantName = "[No Variations]"
Add component (AddParameter): Name = "PackageDescription"; Value = "Ultra Small Outline Diode Flat Lead (SOD-523), Body; 1.2mm L X 0.8mm W X 0.65mm H, IPC Medium Density"; VariantName = "[No Variations]"
Add component (AddParameter): Name = "Part Description"; Value = "ESD protection diode (23kV)"; VariantName = "[No Variations]"
Add component (AddParameter): Name = "Part Number"; Value = "PESD3V3S1UB"; VariantName = "[No Variations]"
Add component (AddParameter): Name = "Pin Count"; Value = "2"; VariantName = "[No Variations]"
Add component (AddParameter): Name = "Power"; Value = "330W"; VariantName = "[No Variations]"
Add component (AddParameter): Name = "PressFit"; Value = "No"; VariantName = "[No Variations]"
Add component (AddParameter): Name = "Sense"; Value = "No"; VariantName = "[No Variations]"
Add component (AddParameter): Name = "SMD"; Value = "Yes"; VariantName = "[No Variations]"
Add component (AddParameter): Name = "Socket"; Value = "No"; VariantName = "[No Variations]"
Add component (AddParameter): Name = "Voltage"; Value = "3V3"; VariantName = "[No Variations]"
Added Component: Designator=D6(SODFL1608X65N)
Add component (AddParameter): Name = "Author"; Value = "CERN DEM JLC"; VariantName = "[No Variations]"
Add component (AddParameter): Name = "Bonding"; Value = "No"; VariantName = "[No Variations]"
Add component (AddParameter): Name = "Case"; Value = "SOD523"; VariantName = "[No Variations]"
Add component (AddParameter): Name = "Component Type"; Value = "Standard"; VariantName = "[No Variations]"
Add component (AddParameter): Name = "ComponentHeight"; Value = "0.65mm"; VariantName = "[No Variations]"
Add component (AddParameter): Name = "CreateDate"; Value = "29.11.2012"; VariantName = "[No Variations]"
Add component (AddParameter): Name = "Device"; Value = "PESD3V3S1UB"; VariantName = "[No Variations]"
Add component (AddParameter): Name = "HelpURL"; Value = "\\cern.ch\dfs\Applications\Altium\Datasheets\PESD3V3S1UB.pdf"; VariantName = "[No Variations]"
Add component (AddParameter): Name = "LatestRevisionDate"; Value = "29.11.2012"; VariantName = "[No Variations]"
Add component (AddParameter): Name = "Manufacturer"; Value = "NXP SEMICONDUCTORS"; VariantName = "[No Variations]"
Add component (AddParameter): Name = "Manufacturer Part Number"; Value = "PESD3V3S1UB"; VariantName = "[No Variations]"
Add component (AddParameter): Name = "Mounted"; Value = "Yes"; VariantName = "[No Variations]"
Add component (AddParameter): Name = "PackageDescription"; Value = "Ultra Small Outline Diode Flat Lead (SOD-523), Body; 1.2mm L X 0.8mm W X 0.65mm H, IPC Medium Density"; VariantName = "[No Variations]"
Add component (AddParameter): Name = "Part Description"; Value = "ESD protection diode (23kV)"; VariantName = "[No Variations]"
Add component (AddParameter): Name = "Part Number"; Value = "PESD3V3S1UB"; VariantName = "[No Variations]"
Add component (AddParameter): Name = "Pin Count"; Value = "2"; VariantName = "[No Variations]"
Add component (AddParameter): Name = "Power"; Value = "330W"; VariantName = "[No Variations]"
Add component (AddParameter): Name = "PressFit"; Value = "No"; VariantName = "[No Variations]"
Add component (AddParameter): Name = "Sense"; Value = "No"; VariantName = "[No Variations]"
Add component (AddParameter): Name = "SMD"; Value = "Yes"; VariantName = "[No Variations]"
Add component (AddParameter): Name = "Socket"; Value = "No"; VariantName = "[No Variations]"
Add component (AddParameter): Name = "Voltage"; Value = "3V3"; VariantName = "[No Variations]"
Added Component: Designator=FTG5(FIDUCIAL_TOP_C100-200)
Add component (AddParameter): Name = "Author"; Value = "CERN DEM JLC"; VariantName = "[No Variations]"
Add component (AddParameter): Name = "Component Type"; Value = "Standard (No BOM)"; VariantName = "[No Variations]"
Add component (AddParameter): Name = "ComponentHeight"; Value = "0mm"; VariantName = "[No Variations]"
Add component (AddParameter): Name = "CreateDate"; Value = "09.02.2010"; VariantName = "[No Variations]"
Add component (AddParameter): Name = "Family"; Value = "Fiducial"; VariantName = "[No Variations]"
Add component (AddParameter): Name = "HelpURL"; Value = "Undefined"; VariantName = "[No Variations]"
Add component (AddParameter): Name = "LatestRevisionDate"; Value = "04.04.2012"; VariantName = "[No Variations]"
Add component (AddParameter): Name = "Mounted"; Value = "No"; VariantName = "[No Variations]"
Add component (AddParameter): Name = "PackageDescription"; Value = "Round Fiducial Target, Top Layer, 1.0mm, Top Solder 2.0mm, Keepout =2.0mm"; VariantName = "[No Variations]"
Add component (AddParameter): Name = "Part Description"; Value = "Round Fiducial Target, Top Layer, 1.0mm, Top Solder 2.0mm, Keepout =2.0mm"; VariantName = "[No Variations]"
Add component (AddParameter): Name = "Part Number"; Value = "FIDUCIAL_TARGET_C100-200"; VariantName = "[No Variations]"
Add component (AddParameter): Name = "Pin Count"; Value = "1"; VariantName = "[No Variations]"
Add component (AddParameter): Name = "Sense"; Value = "No"; VariantName = "[No Variations]"
Add component (AddParameter): Name = "SMD"; Value = "Yes"; VariantName = "[No Variations]"
Add component (AddParameter): Name = "Socket"; Value = "No"; VariantName = "[No Variations]"
Add component (AddParameter): Name = "Status"; Value = "None"; VariantName = "[No Variations]"
Added Component: Designator=FTG6(FIDUCIAL_TOP_S100-200)
Add component (AddParameter): Name = "Author"; Value = "CERN DEM JLC"; VariantName = "[No Variations]"
Add component (AddParameter): Name = "Component Type"; Value = "Standard (No BOM)"; VariantName = "[No Variations]"
Add component (AddParameter): Name = "ComponentHeight"; Value = "0mm"; VariantName = "[No Variations]"
Add component (AddParameter): Name = "CreateDate"; Value = "09.02.2010"; VariantName = "[No Variations]"
Add component (AddParameter): Name = "Family"; Value = "Fiducial"; VariantName = "[No Variations]"
Add component (AddParameter): Name = "HelpURL"; Value = "Undefined"; VariantName = "[No Variations]"
Add component (AddParameter): Name = "LatestRevisionDate"; Value = "04.04.2012"; VariantName = "[No Variations]"
Add component (AddParameter): Name = "Mounted"; Value = "No"; VariantName = "[No Variations]"
Add component (AddParameter): Name = "PackageDescription"; Value = "Square Fiducial Target, Top Layer, 1.0mm, Top Solder 2.0mm, Keepout =2.0mm"; VariantName = "[No Variations]"
Add component (AddParameter): Name = "Part Description"; Value = "Square Fiducial Target, Top Layer, 1.0mm, Top Solder 2.0mm, Keepout =2.0mm"; VariantName = "[No Variations]"
Add component (AddParameter): Name = "Part Number"; Value = "FIDUCIAL_TARGET_S100-200"; VariantName = "[No Variations]"
Add component (AddParameter): Name = "Pin Count"; Value = "1"; VariantName = "[No Variations]"
Add component (AddParameter): Name = "Sense"; Value = "No"; VariantName = "[No Variations]"
Add component (AddParameter): Name = "SMD"; Value = "Yes"; VariantName = "[No Variations]"
Add component (AddParameter): Name = "Socket"; Value = "No"; VariantName = "[No Variations]"
Add component (AddParameter): Name = "Status"; Value = "None"; VariantName = "[No Variations]"
Added Component: Designator=FTG7(FIDUCIAL_TOP_C100-200)
Add component (AddParameter): Name = "Author"; Value = "CERN DEM JLC"; VariantName = "[No Variations]"
Add component (AddParameter): Name = "Component Type"; Value = "Standard (No BOM)"; VariantName = "[No Variations]"
Add component (AddParameter): Name = "ComponentHeight"; Value = "0mm"; VariantName = "[No Variations]"
Add component (AddParameter): Name = "CreateDate"; Value = "09.02.2010"; VariantName = "[No Variations]"
Add component (AddParameter): Name = "Family"; Value = "Fiducial"; VariantName = "[No Variations]"
Add component (AddParameter): Name = "HelpURL"; Value = "Undefined"; VariantName = "[No Variations]"
Add component (AddParameter): Name = "LatestRevisionDate"; Value = "04.04.2012"; VariantName = "[No Variations]"
Add component (AddParameter): Name = "Mounted"; Value = "No"; VariantName = "[No Variations]"
Add component (AddParameter): Name = "PackageDescription"; Value = "Round Fiducial Target, Top Layer, 1.0mm, Top Solder 2.0mm, Keepout =2.0mm"; VariantName = "[No Variations]"
Add component (AddParameter): Name = "Part Description"; Value = "Round Fiducial Target, Top Layer, 1.0mm, Top Solder 2.0mm, Keepout =2.0mm"; VariantName = "[No Variations]"
Add component (AddParameter): Name = "Part Number"; Value = "FIDUCIAL_TARGET_C100-200"; VariantName = "[No Variations]"
Add component (AddParameter): Name = "Pin Count"; Value = "1"; VariantName = "[No Variations]"
Add component (AddParameter): Name = "Sense"; Value = "No"; VariantName = "[No Variations]"
Add component (AddParameter): Name = "SMD"; Value = "Yes"; VariantName = "[No Variations]"
Add component (AddParameter): Name = "Socket"; Value = "No"; VariantName = "[No Variations]"
Add component (AddParameter): Name = "Status"; Value = "None"; VariantName = "[No Variations]"
Added Component: Designator=FTG8(FIDUCIAL_TOP_S100-200)
Add component (AddParameter): Name = "Author"; Value = "CERN DEM JLC"; VariantName = "[No Variations]"
Add component (AddParameter): Name = "Component Type"; Value = "Standard (No BOM)"; VariantName = "[No Variations]"
Add component (AddParameter): Name = "ComponentHeight"; Value = "0mm"; VariantName = "[No Variations]"
Add component (AddParameter): Name = "CreateDate"; Value = "09.02.2010"; VariantName = "[No Variations]"
Add component (AddParameter): Name = "Family"; Value = "Fiducial"; VariantName = "[No Variations]"
Add component (AddParameter): Name = "HelpURL"; Value = "Undefined"; VariantName = "[No Variations]"
Add component (AddParameter): Name = "LatestRevisionDate"; Value = "04.04.2012"; VariantName = "[No Variations]"
Add component (AddParameter): Name = "Mounted"; Value = "No"; VariantName = "[No Variations]"
Add component (AddParameter): Name = "PackageDescription"; Value = "Square Fiducial Target, Top Layer, 1.0mm, Top Solder 2.0mm, Keepout =2.0mm"; VariantName = "[No Variations]"
Add component (AddParameter): Name = "Part Description"; Value = "Square Fiducial Target, Top Layer, 1.0mm, Top Solder 2.0mm, Keepout =2.0mm"; VariantName = "[No Variations]"
Add component (AddParameter): Name = "Part Number"; Value = "FIDUCIAL_TARGET_S100-200"; VariantName = "[No Variations]"
Add component (AddParameter): Name = "Pin Count"; Value = "1"; VariantName = "[No Variations]"
Add component (AddParameter): Name = "Sense"; Value = "No"; VariantName = "[No Variations]"
Add component (AddParameter): Name = "SMD"; Value = "Yes"; VariantName = "[No Variations]"
Add component (AddParameter): Name = "Socket"; Value = "No"; VariantName = "[No Variations]"
Add component (AddParameter): Name = "Status"; Value = "None"; VariantName = "[No Variations]"
Added Component: Designator=RL2(REL_OMRON_G2RL-24)
Add component (AddParameter): Name = "Author"; Value = "CERN DEM BC"; VariantName = "[No Variations]"
Add component (AddParameter): Name = "Component Type"; Value = "Standard"; VariantName = "[No Variations]"
Add component (AddParameter): Name = "ComponentHeight"; Value = "15.7mm"; VariantName = "[No Variations]"
Add component (AddParameter): Name = "CreateDate"; Value = "11.09.2023"; VariantName = "[No Variations]"
Add component (AddParameter): Name = "HelpURL"; Value = "\\cern.ch\dfs\Applications\Altium\Datasheets\REL_OMRON_G2RL-24.pdf"; VariantName = "[No Variations]"
Add component (AddParameter): Name = "LatestRevisionDate"; Value = "11.09.2023"; VariantName = "[No Variations]"
Add component (AddParameter): Name = "Manufacturer"; Value = "OMRON ELECTRONIC"; VariantName = "[No Variations]"
Add component (AddParameter): Name = "Manufacturer Part Number"; Value = "G2RL-24-DC5"; VariantName = "[No Variations]"
Add component (AddParameter): Name = "Mounted"; Value = "Yes"; VariantName = "[No Variations]"
Add component (AddParameter): Name = "PackageDescription"; Value = "8 Leads, Row Spacing 7.5mm; Body 29mm x 12.7mm, OMRON_G2RL Series"; VariantName = "[No Variations]"
Add component (AddParameter): Name = "Part Description"; Value = "8A@250VAC, DPDT Power Relay, G2RL Series"; VariantName = "[No Variations]"
Add component (AddParameter): Name = "Part Number"; Value = "REL_OMRON_G2RL-24-DC5"; VariantName = "[No Variations]"
Add component (AddParameter): Name = "Pin Count"; Value = "8"; VariantName = "[No Variations]"
Add component (AddParameter): Name = "PressFit"; Value = "No"; VariantName = "[No Variations]"
Add component (AddParameter): Name = "Sense"; Value = "No"; VariantName = "[No Variations]"
Add component (AddParameter): Name = "Sense Comment"; Value = "Sensitive=No (Component Sealed)"; VariantName = "[No Variations]"
Add component (AddParameter): Name = "SMD"; Value = "No"; VariantName = "[No Variations]"
Add component (AddParameter): Name = "Socket"; Value = "No"; VariantName = "[No Variations]"
Add component (AddParameter): Name = "Status"; Value = "None"; VariantName = "[No Variations]"
Add component (AddParameter): Name = "Value"; Value = "5VDC"; VariantName = "[No Variations]"
Added Component: Designator=T9(SOT95P240X110-3N)
Add component (AddParameter): Name = "Author"; Value = "CERN DEM JLC"; VariantName = "[No Variations]"
Add component (AddParameter): Name = "Bonding"; Value = "No"; VariantName = "[No Variations]"
Add component (AddParameter): Name = "Case"; Value = "SOT23-3"; VariantName = "[No Variations]"
Add component (AddParameter): Name = "Component Type"; Value = "Standard"; VariantName = "[No Variations]"
Add component (AddParameter): Name = "ComponentHeight"; Value = "1.11mm"; VariantName = "[No Variations]"
Add component (AddParameter): Name = "CreateDate"; Value = "23.03.2009"; VariantName = "[No Variations]"
Add component (AddParameter): Name = "Device"; Value = "BSS138LT1G"; VariantName = "[No Variations]"
Add component (AddParameter): Name = "HelpURL"; Value = "\\cern.ch\dfs\Applications\Altium\Datasheets\BSS138LT1G.pdf"; VariantName = "[No Variations]"
Add component (AddParameter): Name = "LatestRevisionDate"; Value = "25.05.2022"; VariantName = "[No Variations]"
Add component (AddParameter): Name = "Manufacturer"; Value = "ON SEMICONDUCTOR"; VariantName = "[No Variations]"
Add component (AddParameter): Name = "Manufacturer Part Number"; Value = "BSS138L"; VariantName = "[No Variations]"
Add component (AddParameter): Name = "Mounted"; Value = "Yes"; VariantName = "[No Variations]"
Add component (AddParameter): Name = "PackageDescription"; Value = "SOT23, 0.95mm Pitch; 3 Pin, 1.40mm W X 3.00mm L X 1.10mm H body, IPC Medium Density"; VariantName = "[No Variations]"
Add component (AddParameter): Name = "Part Description"; Value = "50V, 200mA N-Channel Enhancement Mode Field-Effect Transistor"; VariantName = "[No Variations]"
Add component (AddParameter): Name = "Part Number"; Value = "BSS138LT1G"; VariantName = "[No Variations]"
Add component (AddParameter): Name = "Pin Count"; Value = "3"; VariantName = "[No Variations]"
Add component (AddParameter): Name = "PressFit"; Value = "No"; VariantName = "[No Variations]"
Add component (AddParameter): Name = "Sense"; Value = "No"; VariantName = "[No Variations]"
Add component (AddParameter): Name = "SMD"; Value = "Yes"; VariantName = "[No Variations]"
Add component (AddParameter): Name = "Socket"; Value = "No"; VariantName = "[No Variations]"
Added Pin To Net: NetName=L_sw Pin=RL2-3
Added Pin To Net: NetName=L_sw Pin=RL2-4
Added Pin To Net: NetName=N_sw Pin=RL2-5
Added Pin To Net: NetName=N_sw Pin=RL2-6
Added Pin To Net: NetName=GND Pin=T9-2
Added Pin To Net: NetName=NetD5_1 Pin=D5-1
Added Pin To Net: NetName=NetD5_1 Pin=D6-2
Added Net: Name=NetD5_1
Added Pin To Net: NetName=NetD5_2 Pin=D5-2
Added Pin To Net: NetName=NetD5_2 Pin=RL2-1
Added Pin To Net: NetName=NetD5_2 Pin=T9-3
Added Net: Name=NetD5_2
Added Pin To Net: NetName=NetD6_1 Pin=D6-1
Added Pin To Net: NetName=NetD6_1 Pin=RL2-8
Added Net: Name=NetD6_1
Added Member To Class: ClassName=DIOT_PSU_integrated Member=Component D5 PESD3V3S1UB
Added Member To Class: ClassName=DIOT_PSU_integrated Member=Component D6 PESD3V3S1UB
Added Member To Class: ClassName=DIOT_PSU_integrated Member=Component FTG5 Use only in PCB
Added Member To Class: ClassName=DIOT_PSU_integrated Member=Component FTG6 Use only in PCB
Added Member To Class: ClassName=DIOT_PSU_integrated Member=Component FTG7 Use only in PCB
Added Member To Class: ClassName=DIOT_PSU_integrated Member=Component FTG8 Use only in PCB
Added Member To Class: ClassName=DIOT_PSU_integrated Member=Component RL2 REL_OMRON_G2RL-24
Added Member To Class: ClassName=DIOT_PSU_integrated Member=Component T9 BSS138LT1G
