Added Component: Designator=J1(9775066360R)
Add component (AddParameter): Name = "Author"; Value = "LPA"; VariantName = "[No Variations]"
Add component (AddParameter): Name = "Component Type"; Value = "Standard"; VariantName = "[No Variations]"
Add component (AddParameter): Name = "ComponentHeight"; Value = "6.6mm"; VariantName = "[No Variations]"
Add component (AddParameter): Name = "CreateDate"; Value = "09.02.2025"; VariantName = "[No Variations]"
Add component (AddParameter): Name = "Family"; Value = "WA-SMSR"; VariantName = "[No Variations]"
Add component (AddParameter): Name = "HelpURL"; Value = "https://www.we-online.com/en/components/products/SMSR_SMD_STEEL_SPACER_M3_THREAD_INTERNAL#9775066360R"; VariantName = "[No Variations]"
Add component (AddParameter): Name = "LatestRevisionDate"; Value = "09.02.2025"; VariantName = "[No Variations]"
Add component (AddParameter): Name = "Manufacturer"; Value = "Würth Elektronik"; VariantName = "[No Variations]"
Add component (AddParameter): Name = "Manufacturer Part Number"; Value = "9775066360R"; VariantName = "[No Variations]"
Add component (AddParameter): Name = "Mounted"; Value = "Yes"; VariantName = "[No Variations]"
Add component (AddParameter): Name = "Part Description"; Value = "Round Standoff Threaded M3 Steel 0.039" (1.00mm)"; VariantName = "[No Variations]"
Add component (AddParameter): Name = "Part Number"; Value = "9775066360R"; VariantName = "[No Variations]"
Add component (AddParameter): Name = "Pin Count"; Value = "1"; VariantName = "[No Variations]"
Add component (AddParameter): Name = "PressFit"; Value = "No"; VariantName = "[No Variations]"
Add component (AddParameter): Name = "Sense"; Value = "No"; VariantName = "[No Variations]"
Add component (AddParameter): Name = "SMD"; Value = "No"; VariantName = "[No Variations]"
Add component (AddParameter): Name = "Socket"; Value = "No"; VariantName = "[No Variations]"
Add component (AddParameter): Name = "Status"; Value = "None"; VariantName = "[No Variations]"
Added Component: Designator=J5(9775066360R)
Add component (AddParameter): Name = "Author"; Value = "LPA"; VariantName = "[No Variations]"
Add component (AddParameter): Name = "Component Type"; Value = "Standard"; VariantName = "[No Variations]"
Add component (AddParameter): Name = "ComponentHeight"; Value = "6.6mm"; VariantName = "[No Variations]"
Add component (AddParameter): Name = "CreateDate"; Value = "09.02.2025"; VariantName = "[No Variations]"
Add component (AddParameter): Name = "Family"; Value = "WA-SMSR"; VariantName = "[No Variations]"
Add component (AddParameter): Name = "HelpURL"; Value = "https://www.we-online.com/en/components/products/SMSR_SMD_STEEL_SPACER_M3_THREAD_INTERNAL#9775066360R"; VariantName = "[No Variations]"
Add component (AddParameter): Name = "LatestRevisionDate"; Value = "09.02.2025"; VariantName = "[No Variations]"
Add component (AddParameter): Name = "Manufacturer"; Value = "Würth Elektronik"; VariantName = "[No Variations]"
Add component (AddParameter): Name = "Manufacturer Part Number"; Value = "9775066360R"; VariantName = "[No Variations]"
Add component (AddParameter): Name = "Mounted"; Value = "Yes"; VariantName = "[No Variations]"
Add component (AddParameter): Name = "Part Description"; Value = "Round Standoff Threaded M3 Steel 0.039" (1.00mm)"; VariantName = "[No Variations]"
Add component (AddParameter): Name = "Part Number"; Value = "9775066360R"; VariantName = "[No Variations]"
Add component (AddParameter): Name = "Pin Count"; Value = "1"; VariantName = "[No Variations]"
Add component (AddParameter): Name = "PressFit"; Value = "No"; VariantName = "[No Variations]"
Add component (AddParameter): Name = "Sense"; Value = "No"; VariantName = "[No Variations]"
Add component (AddParameter): Name = "SMD"; Value = "No"; VariantName = "[No Variations]"
Add component (AddParameter): Name = "Socket"; Value = "No"; VariantName = "[No Variations]"
Add component (AddParameter): Name = "Status"; Value = "None"; VariantName = "[No Variations]"
Added Component: Designator=J6(9775066360R)
Add component (AddParameter): Name = "Author"; Value = "LPA"; VariantName = "[No Variations]"
Add component (AddParameter): Name = "Component Type"; Value = "Standard"; VariantName = "[No Variations]"
Add component (AddParameter): Name = "ComponentHeight"; Value = "6.6mm"; VariantName = "[No Variations]"
Add component (AddParameter): Name = "CreateDate"; Value = "09.02.2025"; VariantName = "[No Variations]"
Add component (AddParameter): Name = "Family"; Value = "WA-SMSR"; VariantName = "[No Variations]"
Add component (AddParameter): Name = "HelpURL"; Value = "https://www.we-online.com/en/components/products/SMSR_SMD_STEEL_SPACER_M3_THREAD_INTERNAL#9775066360R"; VariantName = "[No Variations]"
Add component (AddParameter): Name = "LatestRevisionDate"; Value = "09.02.2025"; VariantName = "[No Variations]"
Add component (AddParameter): Name = "Manufacturer"; Value = "Würth Elektronik"; VariantName = "[No Variations]"
Add component (AddParameter): Name = "Manufacturer Part Number"; Value = "9775066360R"; VariantName = "[No Variations]"
Add component (AddParameter): Name = "Mounted"; Value = "Yes"; VariantName = "[No Variations]"
Add component (AddParameter): Name = "Part Description"; Value = "Round Standoff Threaded M3 Steel 0.039" (1.00mm)"; VariantName = "[No Variations]"
Add component (AddParameter): Name = "Part Number"; Value = "9775066360R"; VariantName = "[No Variations]"
Add component (AddParameter): Name = "Pin Count"; Value = "1"; VariantName = "[No Variations]"
Add component (AddParameter): Name = "PressFit"; Value = "No"; VariantName = "[No Variations]"
Add component (AddParameter): Name = "Sense"; Value = "No"; VariantName = "[No Variations]"
Add component (AddParameter): Name = "SMD"; Value = "No"; VariantName = "[No Variations]"
Add component (AddParameter): Name = "Socket"; Value = "No"; VariantName = "[No Variations]"
Add component (AddParameter): Name = "Status"; Value = "None"; VariantName = "[No Variations]"
Added Component: Designator=J7(9775066360R)
Add component (AddParameter): Name = "Author"; Value = "LPA"; VariantName = "[No Variations]"
Add component (AddParameter): Name = "Component Type"; Value = "Standard"; VariantName = "[No Variations]"
Add component (AddParameter): Name = "ComponentHeight"; Value = "6.6mm"; VariantName = "[No Variations]"
Add component (AddParameter): Name = "CreateDate"; Value = "09.02.2025"; VariantName = "[No Variations]"
Add component (AddParameter): Name = "Family"; Value = "WA-SMSR"; VariantName = "[No Variations]"
Add component (AddParameter): Name = "HelpURL"; Value = "https://www.we-online.com/en/components/products/SMSR_SMD_STEEL_SPACER_M3_THREAD_INTERNAL#9775066360R"; VariantName = "[No Variations]"
Add component (AddParameter): Name = "LatestRevisionDate"; Value = "09.02.2025"; VariantName = "[No Variations]"
Add component (AddParameter): Name = "Manufacturer"; Value = "Würth Elektronik"; VariantName = "[No Variations]"
Add component (AddParameter): Name = "Manufacturer Part Number"; Value = "9775066360R"; VariantName = "[No Variations]"
Add component (AddParameter): Name = "Mounted"; Value = "Yes"; VariantName = "[No Variations]"
Add component (AddParameter): Name = "Part Description"; Value = "Round Standoff Threaded M3 Steel 0.039" (1.00mm)"; VariantName = "[No Variations]"
Add component (AddParameter): Name = "Part Number"; Value = "9775066360R"; VariantName = "[No Variations]"
Add component (AddParameter): Name = "Pin Count"; Value = "1"; VariantName = "[No Variations]"
Add component (AddParameter): Name = "PressFit"; Value = "No"; VariantName = "[No Variations]"
Add component (AddParameter): Name = "Sense"; Value = "No"; VariantName = "[No Variations]"
Add component (AddParameter): Name = "SMD"; Value = "No"; VariantName = "[No Variations]"
Add component (AddParameter): Name = "Socket"; Value = "No"; VariantName = "[No Variations]"
Add component (AddParameter): Name = "Status"; Value = "None"; VariantName = "[No Variations]"
Added Pin To Net: NetName=FG1 Pin=J7-1
Added Net: Name=FG1
Added Pin To Net: NetName=FG2 Pin=J6-1
Added Net: Name=FG2
Added Pin To Net: NetName=FG3 Pin=J5-1
Added Net: Name=FG3
Added Pin To Net: NetName=MH1 Pin=J1-1
Added Net: Name=MH1
Added Member To Class: ClassName=DIOT_PSU_integrated Member=Component J1 9775066360R
Added Member To Class: ClassName=DIOT_PSU_integrated Member=Component J2 690367291276
Added Member To Class: ClassName=DIOT_PSU_integrated Member=Component J5 9775066360R
Added Member To Class: ClassName=DIOT_PSU_integrated Member=Component J6 9775066360R
Added Member To Class: ClassName=DIOT_PSU_integrated Member=Component J7 9775066360R
Added Rule: Name=Schematic Supply Nets
Added Rule: Name=Schematic Supply Nets_1
Added Rule: Name=Schematic Supply Nets_3
Added Rule: Name=Schematic Supply Nets_4
