Removed Pin From Net: NetName=P5V0SB Pin=C12-1
Removed Pin From Net: NetName=GND Pin=C12-2
Removed Pin From Net: NetName=GND Pin=C13-1
Removed Pin From Net: NetName=P5V0SB Pin=C13-2
Removed Pin From Net: NetName=P3V3 Pin=C14-1
Removed Pin From Net: NetName=GND Pin=C14-2
Removed Pin From Net: NetName=P3V3 Pin=IC6-1
Removed Pin From Net: NetName=GND Pin=IC6-2
Removed Pin From Net: NetName=GND Pin=IC6-2
Removed Pin From Net: NetName=GND Pin=IC6-2
Removed Pin From Net: NetName=GND Pin=IC6-2
Removed Pin From Net: NetName=P5V0SB Pin=IC6-3
Removed Pin From Net: NetName=MAINS_N Pin=IC7-1
Removed Pin From Net: NetName=MAINS_L Pin=IC7-2
Removed Pin From Net: NetName=GND Pin=IC7-3
Removed Pin From Net: NetName=P5V0SB Pin=IC7-4
Removed Pin From Net: NetName=PE Pin=J2-1
Removed Pin From Net: NetName=PE Pin=J2-1
Removed Pin From Net: NetName=PE Pin=J2-1
Removed Pin From Net: NetName=L_sw Pin=J28-1
Removed Pin From Net: NetName=L_sw Pin=J28-1
Removed Pin From Net: NetName=L_sw Pin=J28-1
Removed Pin From Net: NetName=N_sw Pin=J29-1
Removed Pin From Net: NetName=N_sw Pin=J29-1
Removed Pin From Net: NetName=N_sw Pin=J29-1
Removed Member From Class: ClassName=DIOT_PSU_integrated Member=J2
Removed Member From Class: ClassName=DIOT_PSU_integrated Member=J3
Removed Member From Class: ClassName=DIOT_PSU_integrated Member=J4
Removed Member From Class: ClassName=DIOT_PSU_integrated Member=J27
Removed Member From Class: ClassName=DIOT_PSU_integrated Member=J28
Removed Member From Class: ClassName=DIOT_PSU_integrated Member=J29
Removed Member From Class: ClassName=DIOT_PSU_integrated Member=P1
Removed Member From Class: ClassName=DIOT_PSU_integrated Member=P2
Removed Member From Class: ClassName=DIOT_PSU_integrated Member=P3
Removed Member From Class: ClassName=DIOT_PSU_integrated Member=P4
Removed Member From Class: ClassName=DIOT_PSU_integrated Member=P5
Removed Member From Class: ClassName=DIOT_PSU_integrated Member=P6
Removed Member From Class: ClassName=DIOT_PSU_integrated Member=P7
Removed Member From Class: ClassName=DIOT_PSU_integrated Member=P9
Added Pin To Net: NetName=MAINS_N Pin=PSU1-CN1.1
Added Pin To Net: NetName=MAINS_L Pin=PSU1-CN1.3
